<?xml version="1.0" encoding="UTF-8"?>
<testng-results skipped="0" failed="0" total="1" passed="1">
  <reporter-output>
  </reporter-output>
  <suite name="Command line suite" duration-ms="321908" started-at="2018-11-21T16:03:31Z" finished-at="2018-11-21T16:08:53Z">
    <groups>
    </groups>
    <test name="Command line test" duration-ms="321908" started-at="2018-11-21T16:03:31Z" finished-at="2018-11-21T16:08:53Z">
      <class name="sanitySuite.AmazonShoppingTest">
        <test-method status="PASS" signature="AdditemtoCartandCheckout()[pri:0, instance:sanitySuite.AmazonShoppingTest@5d0a1059]" name="AdditemtoCartandCheckout" duration-ms="320780" started-at="2018-11-21T21:33:31Z" finished-at="2018-11-21T21:38:52Z">
          <reporter-output>
          </reporter-output>
        </test-method> <!-- AdditemtoCartandCheckout -->
        <test-method status="PASS" signature="tearDown()[pri:0, instance:sanitySuite.AmazonShoppingTest@5d0a1059]" name="tearDown" is-config="true" duration-ms="5210" started-at="2018-11-21T21:38:56Z" finished-at="2018-11-21T21:39:01Z">
          <reporter-output>
          </reporter-output>
        </test-method> <!-- tearDown -->
      </class> <!-- sanitySuite.AmazonShoppingTest -->
    </test> <!-- Command line test -->
  </suite> <!-- Command line suite -->
</testng-results>
