<?xml version="1.0" encoding="UTF-8"?>
<testng-results skipped="0" failed="0" total="1" passed="1">
  <reporter-output>
  </reporter-output>
  <suite name="Test" duration-ms="151934" started-at="2018-10-31T11:26:20Z" finished-at="2018-10-31T11:28:52Z">
    <groups>
    </groups>
    <test name="Default test" duration-ms="151934" started-at="2018-10-31T11:26:20Z" finished-at="2018-10-31T11:28:52Z">
      <class name="sanitySuite.AmazonShoppingTest">
        <test-method status="PASS" signature="AdditemtoCartandCheckout()[pri:0, instance:sanitySuite.AmazonShoppingTest@65c7a252]" name="AdditemtoCartandCheckout" duration-ms="151865" started-at="2018-10-31T16:56:20Z" finished-at="2018-10-31T16:58:52Z">
          <reporter-output>
          </reporter-output>
        </test-method> <!-- AdditemtoCartandCheckout -->
        <test-method status="PASS" signature="tearDown()[pri:0, instance:sanitySuite.AmazonShoppingTest@65c7a252]" name="tearDown" is-config="true" duration-ms="797" started-at="2018-10-31T16:58:52Z" finished-at="2018-10-31T16:58:52Z">
          <reporter-output>
          </reporter-output>
        </test-method> <!-- tearDown -->
      </class> <!-- sanitySuite.AmazonShoppingTest -->
    </test> <!-- Default test -->
  </suite> <!-- Test -->
</testng-results>
